<?xml version="1.0" encoding="UTF-8"?>
<!-- Generated by org.testng.reporters.JUnitReportReporter -->
<testsuite hostname="Mulalo" failures="0" tests="1" name="Pett.ContinueToCheckout" time="42.071" errors="0" timestamp="2024-06-21T10:58:10 SAST" skipped="0">
  <testcase classname="Pett.ContinueToCheckout" name="TC114" time="42.071"/>
</testsuite> <!-- Pett.ContinueToCheckout -->
