<?xml version="1.0" encoding="UTF-8"?>
<!-- Generated by org.testng.reporters.JUnitReportReporter -->
<testsuite hostname="Mulalo" failures="0" tests="1" name="Scripts.Verify_the_product_details_page_is_displayed15" time="14.470" errors="0" timestamp="2024-06-24T11:47:31 SAST" skipped="0">
  <testcase classname="Scripts.Verify_the_product_details_page_is_displayed15" name="TC15" time="14.470"/>
</testsuite> <!-- Scripts.Verify_the_product_details_page_is_displayed15 -->
