<?xml version="1.0" encoding="UTF-8"?>
<!-- Generated by org.testng.reporters.JUnitReportReporter -->
<testsuite hostname="Mulalo" failures="0" tests="1" name="Scripts.Verify_the_Return_to_Main_Menu_link" time="10.775" errors="0" timestamp="2024-06-24T14:52:51 SAST" skipped="0">
  <testcase classname="Scripts.Verify_the_Return_to_Main_Menu_link" name="TC13" time="10.775"/>
</testsuite> <!-- Scripts.Verify_the_Return_to_Main_Menu_link -->
