<?xml version="1.0" encoding="UTF-8"?>
<!-- Generated by org.testng.reporters.JUnitReportReporter -->
<testsuite hostname="Mulalo" failures="0" tests="1" name="Scripts.Verify_Register_Now_Link_with_valid_data" time="4.954" errors="0" timestamp="2024-06-21T10:58:10 SAST" skipped="0">
  <testcase classname="Scripts.Verify_Register_Now_Link_with_valid_data" name="TC0" time="4.954"/>
</testsuite> <!-- Scripts.Verify_Register_Now_Link_with_valid_data -->
