<?xml version="1.0" encoding="UTF-8"?>
<!-- Generated by org.testng.reporters.JUnitReportReporter -->
<testsuite hostname="Mulalo" failures="0" tests="1" name="Pett.Verify_the_URL_OB_06" time="18.528" errors="0" timestamp="2024-06-21T12:20:30 SAST" skipped="0">
  <testcase classname="Pett.Verify_the_URL_OB_06" name="TC06" time="18.528"/>
  <system-out/>
</testsuite> <!-- Pett.Verify_the_URL_OB_06 -->
