<?xml version="1.0" encoding="UTF-8"?>
<!-- Generated by org.testng.reporters.JUnitReportReporter -->
<testsuite hostname="Mulalo" failures="0" tests="1" name="Scripts.Verify_fish_link_Home_page11" time="14.226" errors="0" timestamp="2024-06-24T14:52:51 SAST" skipped="0">
  <testcase classname="Scripts.Verify_fish_link_Home_page11" name="TC11" time="14.226"/>
</testsuite> <!-- Scripts.Verify_fish_link_Home_page11 -->
