<?xml version="1.0" encoding="UTF-8"?>
<!-- Generated by org.testng.reporters.JUnitReportReporter -->
<testsuite hostname="Mulalo" failures="0" tests="1" name="Pett.Verify_order_page" time="47.921" errors="0" timestamp="2024-06-21T10:58:10 SAST" skipped="0">
  <testcase classname="Pett.Verify_order_page" name="TC77" time="47.921"/>
</testsuite> <!-- Pett.Verify_order_page -->
