<?xml version="1.0" encoding="UTF-8"?>
<!-- Generated by org.testng.reporters.JUnitReportReporter -->
<testsuite hostname="Mulalo" failures="0" tests="1" name="Pett.Verify_the_product_details_page_is_displayed15" time="33.481" errors="0" timestamp="2024-06-21T10:58:10 SAST" skipped="0">
  <testcase classname="Pett.Verify_the_product_details_page_is_displayed15" name="TC15" time="33.481"/>
</testsuite> <!-- Pett.Verify_the_product_details_page_is_displayed15 -->
