<?xml version="1.0" encoding="UTF-8"?>
<!-- Generated by org.testng.reporters.JUnitReportReporter -->
<testsuite hostname="Mulalo" failures="0" tests="1" name="Scripts.Verify_order_page" time="0.918" errors="0" timestamp="2024-06-24T14:52:51 SAST" skipped="0">
  <testcase classname="Scripts.Verify_order_page" name="testVerifyOrderDetails" time="0.918"/>
</testsuite> <!-- Scripts.Verify_order_page -->
